# JRE version: OpenJDK Runtime Environment Microsoft-14653939 (17.0.20+8) (build 17.0.20+8-LTS)
# Java VM: OpenJDK 64-Bit Server VM Microsoft-14653939 (17.0.20+8-LTS, mixed mode, sharing, tiered, compressed oops, compressed class ptrs, g1 gc, windows-amd64)
GC Precious Log:
 CPUs: 16 total, 16 available
 Memory: 32690M
 Large Page Support: Disabled
 NUMA Support: Disabled
 Compressed Oops: Enabled (Zero based)
 Heap Region Size: 4M
 Heap Min Capacity: 8M
 Heap Initial Capacity: 512M
 Heap Max Capacity: 8176M
 Pre-touch: Disabled
 Parallel Workers: 13
 Concurrent Workers: 3
 Concurrent Refinement Workers: 13
 Periodic GC: Disabled
Heap:
 garbage-first heap   total 524288K, used 84741K [0x0000000601000000, 0x0000000800000000)
  region size 4096K, 11 young (45056K), 2 survivors (8192K)
 Metaspace       used 20810K, committed 21120K, reserved 1114112K
  class space    used 2657K, committed 2816K, reserved 1048576K
GC Heap History (12 events):
Event: 0.304 GC heap before
{Heap before GC invocations=0 (full 0):
 garbage-first heap   total 524288K, used 20480K [0x0000000601000000, 0x0000000800000000)
  region size 4096K, 6 young (24576K), 0 survivors (0K)
 Metaspace       used 232K, committed 320K, reserved 1114112K
  class space    used 7K, committed 64K, reserved 1048576K
}
Event: 0.328 GC heap after
{Heap after GC invocations=1 (full 0):
 garbage-first heap   total 524288K, used 12392K [0x0000000601000000, 0x0000000800000000)
  region size 4096K, 1 young (4096K), 1 survivors (4096K)
 Metaspace       used 232K, committed 320K, reserved 1114112K
  class space    used 7K, committed 64K, reserved 1048576K
}
Event: 1.185 GC heap before
{Heap before GC invocations=1 (full 0):
 garbage-first heap   total 524288K, used 28776K [0x0000000601000000, 0x0000000800000000)
  region size 4096K, 6 young (24576K), 1 survivors (4096K)
 Metaspace       used 2658K, committed 2816K, reserved 1114112K
  class space    used 252K, committed 320K, reserved 1048576K
}
Event: 1.188 GC heap after
{Heap after GC invocations=2 (full 0):
 garbage-first heap   total 524288K, used 15152K [0x0000000601000000, 0x0000000800000000)
  region size 4096K, 1 young (4096K), 1 survivors (4096K)
 Metaspace       used 2658K, committed 2816K, reserved 1114112K
  class space    used 252K, committed 320K, reserved 1048576K
}
Event: 1.279 GC heap before
{Heap before GC invocations=2 (full 0):
 garbage-first heap   total 524288K, used 39728K [0x0000000601000000, 0x0000000800000000)
  region size 4096K, 8 young (32768K), 1 survivors (4096K)
 Metaspace       used 2768K, committed 2880K, reserved 1114112K
  class space    used 265K, committed 320K, reserved 1048576K
}
Event: 1.285 GC heap after
{Heap after GC invocations=3 (full 0):
 garbage-first heap   total 524288K, used 28343K [0x0000000601000000, 0x0000000800000000)
  region size 4096K, 1 young (4096K), 1 survivors (4096K)
 Metaspace       used 2768K, committed 2880K, reserved 1114112K
  class space    used 265K, committed 320K, reserved 1048576K
}
Event: 2.748 GC heap before
{Heap before GC invocations=3 (full 0):
 garbage-first heap   total 524288K, used 118455K [0x0000000601000000, 0x0000000800000000)
  region size 4096K, 24 young (98304K), 1 survivors (4096K)
 Metaspace       used 14005K, committed 14208K, reserved 1114112K
  class space    used 1823K, committed 1920K, reserved 1048576K
}
Event: 2.753 GC heap after
{Heap after GC invocations=4 (full 0):
 garbage-first heap   total 524288K, used 32781K [0x0000000601000000, 0x0000000800000000)
  region size 4096K, 3 young (12288K), 3 survivors (12288K)
 Metaspace       used 14005K, committed 14208K, reserved 1114112K
  class space    used 1823K, committed 1920K, reserved 1048576K
}
Event: 6.516 GC heap before
{Heap before GC invocations=4 (full 0):
 garbage-first heap   total 524288K, used 188429K [0x0000000601000000, 0x0000000800000000)
  region size 4096K, 42 young (172032K), 3 survivors (12288K)
 Metaspace       used 19279K, committed 19520K, reserved 1114112K
  class space    used 2513K, committed 2624K, reserved 1048576K
}
Event: 6.525 GC heap after
{Heap after GC invocations=5 (full 0):
 garbage-first heap   total 524288K, used 50512K [0x0000000601000000, 0x0000000800000000)
  region size 4096K, 6 young (24576K), 6 survivors (24576K)
 Metaspace       used 19279K, committed 19520K, reserved 1114112K
  class space    used 2513K, committed 2624K, reserved 1048576K
}
Event: 7.851 GC heap before
{Heap before GC invocations=5 (full 0):
 garbage-first heap   total 524288K, used 222544K [0x0000000601000000, 0x0000000800000000)
  region size 4096K, 48 young (196608K), 6 survivors (24576K)
 Metaspace       used 19360K, committed 19648K, reserved 1114112K
  class space    used 2526K, committed 2688K, reserved 1048576K
}
Event: 7.857 GC heap after
{Heap after GC invocations=6 (full 0):
 garbage-first heap   total 524288K, used 51973K [0x0000000601000000, 0x0000000800000000)
  region size 4096K, 2 young (8192K), 2 survivors (8192K)
 Metaspace       used 19360K, committed 19648K, reserved 1114112K
  class space    used 2526K, committed 2688K, reserved 1048576K
}

