# JRE version: OpenJDK Runtime Environment Microsoft-14653939 (17.0.20+8) (build 17.0.20+8-LTS)
# Java VM: OpenJDK 64-Bit Server VM Microsoft-14653939 (17.0.20+8-LTS, mixed mode, sharing, tiered, compressed oops, compressed class ptrs, g1 gc, windows-amd64)
GC Precious Log:
 CPUs: 16 total, 16 available
 Memory: 32690M
 Large Page Support: Disabled
 NUMA Support: Disabled
 Compressed Oops: Enabled (Zero based)
 Heap Region Size: 4M
 Heap Min Capacity: 8M
 Heap Initial Capacity: 512M
 Heap Max Capacity: 8176M
 Pre-touch: Disabled
 Parallel Workers: 13
 Concurrent Workers: 3
 Concurrent Refinement Workers: 13
 Periodic GC: Disabled
Heap:
 garbage-first heap   total 778240K, used 335268K [0x0000000601000000, 0x0000000800000000)
  region size 4096K, 36 young (147456K), 4 survivors (16384K)
 Metaspace       used 26067K, committed 26368K, reserved 1114112K
  class space    used 3203K, committed 3392K, reserved 1048576K
GC Heap History (20 events):
Event: 0.357 GC heap before
{Heap before GC invocations=2 (full 0):
 garbage-first heap   total 524288K, used 36831K [0x0000000601000000, 0x0000000800000000)
  region size 4096K, 7 young (28672K), 1 survivors (4096K)
 Metaspace       used 2667K, committed 2816K, reserved 1114112K
  class space    used 253K, committed 320K, reserved 1048576K
}
Event: 0.361 GC heap after
{Heap after GC invocations=3 (full 0):
 garbage-first heap   total 524288K, used 26747K [0x0000000601000000, 0x0000000800000000)
  region size 4096K, 1 young (4096K), 1 survivors (4096K)
 Metaspace       used 2667K, committed 2816K, reserved 1114112K
  class space    used 253K, committed 320K, reserved 1048576K
}
Event: 0.683 GC heap before
{Heap before GC invocations=3 (full 0):
 garbage-first heap   total 524288K, used 79995K [0x0000000601000000, 0x0000000800000000)
  region size 4096K, 15 young (61440K), 1 survivors (4096K)
 Metaspace       used 6328K, committed 6464K, reserved 1114112K
  class space    used 775K, committed 832K, reserved 1048576K
}
Event: 0.687 GC heap after
{Heap after GC invocations=4 (full 0):
 garbage-first heap   total 524288K, used 34875K [0x0000000601000000, 0x0000000800000000)
  region size 4096K, 2 young (8192K), 2 survivors (8192K)
 Metaspace       used 6328K, committed 6464K, reserved 1114112K
  class space    used 775K, committed 832K, reserved 1048576K
}
Event: 4.673 GC heap before
{Heap before GC invocations=4 (full 0):
 garbage-first heap   total 524288K, used 297019K [0x0000000601000000, 0x0000000800000000)
  region size 4096K, 67 young (274432K), 2 survivors (8192K)
 Metaspace       used 20312K, committed 20608K, reserved 1114112K
  class space    used 2648K, committed 2816K, reserved 1048576K
}
Event: 4.686 GC heap after
{Heap after GC invocations=5 (full 0):
 garbage-first heap   total 524288K, used 60811K [0x0000000601000000, 0x0000000800000000)
  region size 4096K, 9 young (36864K), 9 survivors (36864K)
 Metaspace       used 20312K, committed 20608K, reserved 1114112K
  class space    used 2648K, committed 2816K, reserved 1048576K
}
Event: 4.766 GC heap before
{Heap before GC invocations=5 (full 0):
 garbage-first heap   total 524288K, used 60811K [0x0000000601000000, 0x0000000800000000)
  region size 4096K, 10 young (40960K), 9 survivors (36864K)
 Metaspace       used 21280K, committed 21504K, reserved 1114112K
  class space    used 2696K, committed 2816K, reserved 1048576K
}
Event: 4.778 GC heap after
{Heap after GC invocations=6 (full 0):
 garbage-first heap   total 524288K, used 61870K [0x0000000601000000, 0x0000000800000000)
  region size 4096K, 1 young (4096K), 1 survivors (4096K)
 Metaspace       used 21280K, committed 21504K, reserved 1114112K
  class space    used 2696K, committed 2816K, reserved 1048576K
}
Event: 5.635 GC heap before
{Heap before GC invocations=7 (full 0):
 garbage-first heap   total 233472K, used 229806K [0x0000000601000000, 0x0000000800000000)
  region size 4096K, 42 young (172032K), 1 survivors (4096K)
 Metaspace       used 24283K, committed 24576K, reserved 1114112K
  class space    used 3055K, committed 3200K, reserved 1048576K
}
Event: 5.656 GC heap after
{Heap after GC invocations=8 (full 0):
 garbage-first heap   total 282624K, used 107191K [0x0000000601000000, 0x0000000800000000)
  region size 4096K, 9 young (36864K), 9 survivors (36864K)
 Metaspace       used 24283K, committed 24576K, reserved 1114112K
  class space    used 3055K, committed 3200K, reserved 1048576K
}
Event: 5.674 GC heap before
{Heap before GC invocations=8 (full 0):
 garbage-first heap   total 282624K, used 111287K [0x0000000601000000, 0x0000000800000000)
  region size 4096K, 10 young (40960K), 9 survivors (36864K)
 Metaspace       used 24286K, committed 24576K, reserved 1114112K
  class space    used 3055K, committed 3200K, reserved 1048576K
}
Event: 5.686 GC heap after
{Heap after GC invocations=9 (full 0):
 garbage-first heap   total 385024K, used 113847K [0x0000000601000000, 0x0000000800000000)
  region size 4096K, 2 young (8192K), 2 survivors (8192K)
 Metaspace       used 24286K, committed 24576K, reserved 1114112K
  class space    used 3055K, committed 3200K, reserved 1048576K
}
Event: 6.305 GC heap before
{Heap before GC invocations=9 (full 0):
 garbage-first heap   total 385024K, used 257207K [0x0000000601000000, 0x0000000800000000)
  region size 4096K, 37 young (151552K), 2 survivors (8192K)
 Metaspace       used 25238K, committed 25600K, reserved 1114112K
  class space    used 3138K, committed 3328K, reserved 1048576K
}
Event: 6.320 GC heap after
{Heap after GC invocations=10 (full 0):
 garbage-first heap   total 385024K, used 144729K [0x0000000601000000, 0x0000000800000000)
  region size 4096K, 5 young (20480K), 5 survivors (20480K)
 Metaspace       used 25238K, committed 25600K, reserved 1114112K
  class space    used 3138K, committed 3328K, reserved 1048576K
}
Event: 6.701 GC heap before
{Heap before GC invocations=10 (full 0):
 garbage-first heap   total 385024K, used 267609K [0x0000000601000000, 0x0000000800000000)
  region size 4096K, 35 young (143360K), 5 survivors (20480K)
 Metaspace       used 25480K, committed 25856K, reserved 1114112K
  class space    used 3153K, committed 3328K, reserved 1048576K
}
Event: 6.715 GC heap after
{Heap after GC invocations=11 (full 0):
 garbage-first heap   total 385024K, used 167041K [0x0000000601000000, 0x0000000800000000)
  region size 4096K, 5 young (20480K), 5 survivors (20480K)
 Metaspace       used 25480K, committed 25856K, reserved 1114112K
  class space    used 3153K, committed 3328K, reserved 1048576K
}
Event: 7.102 GC heap before
{Heap before GC invocations=11 (full 0):
 garbage-first heap   total 385024K, used 277633K [0x0000000601000000, 0x0000000800000000)
  region size 4096K, 32 young (131072K), 5 survivors (20480K)
 Metaspace       used 25490K, committed 25856K, reserved 1114112K
  class space    used 3153K, committed 3328K, reserved 1048576K
}
Event: 7.119 GC heap after
{Heap after GC invocations=12 (full 0):
 garbage-first heap   total 385024K, used 188416K [0x0000000601000000, 0x0000000800000000)
  region size 4096K, 4 young (16384K), 4 survivors (16384K)
 Metaspace       used 25490K, committed 25856K, reserved 1114112K
  class space    used 3153K, committed 3328K, reserved 1048576K
}
Event: 7.521 GC heap before
{Heap before GC invocations=12 (full 0):
 garbage-first heap   total 385024K, used 286720K [0x0000000601000000, 0x0000000800000000)
  region size 4096K, 28 young (114688K), 4 survivors (16384K)
 Metaspace       used 25874K, committed 26176K, reserved 1114112K
  class space    used 3188K, committed 3328K, reserved 1048576K
}
Event: 7.535 GC heap after
{Heap after GC invocations=13 (full 0):
 garbage-first heap   total 778240K, used 208292K [0x0000000601000000, 0x0000000800000000)
  region size 4096K, 4 young (16384K), 4 survivors (16384K)
 Metaspace       used 25874K, committed 26176K, reserved 1114112K
  class space    used 3188K, committed 3328K, reserved 1048576K
}

