# JRE version: OpenJDK Runtime Environment Microsoft-14653939 (17.0.20+8) (build 17.0.20+8-LTS)
# Java VM: OpenJDK 64-Bit Server VM Microsoft-14653939 (17.0.20+8-LTS, mixed mode, sharing, tiered, compressed oops, compressed class ptrs, g1 gc, windows-amd64)
GC Precious Log:
 CPUs: 16 total, 16 available
 Memory: 32690M
 Large Page Support: Disabled
 NUMA Support: Disabled
 Compressed Oops: Enabled (Zero based)
 Heap Region Size: 4M
 Heap Min Capacity: 8M
 Heap Initial Capacity: 512M
 Heap Max Capacity: 8176M
 Pre-touch: Disabled
 Parallel Workers: 13
 Concurrent Workers: 3
 Concurrent Refinement Workers: 13
 Periodic GC: Disabled
Heap:
 garbage-first heap   total 524288K, used 66394K [0x0000000601000000, 0x0000000800000000)
  region size 4096K, 11 young (45056K), 2 survivors (8192K)
 Metaspace       used 13081K, committed 13248K, reserved 1114112K
  class space    used 1664K, committed 1728K, reserved 1048576K
GC Heap History (8 events):
Event: 0.111 GC heap before
{Heap before GC invocations=0 (full 0):
 garbage-first heap   total 524288K, used 20480K [0x0000000601000000, 0x0000000800000000)
  region size 4096K, 6 young (24576K), 0 survivors (0K)
 Metaspace       used 232K, committed 320K, reserved 1114112K
  class space    used 7K, committed 64K, reserved 1048576K
}
Event: 0.113 GC heap after
{Heap after GC invocations=1 (full 0):
 garbage-first heap   total 524288K, used 12169K [0x0000000601000000, 0x0000000800000000)
  region size 4096K, 1 young (4096K), 1 survivors (4096K)
 Metaspace       used 232K, committed 320K, reserved 1114112K
  class space    used 7K, committed 64K, reserved 1048576K
}
Event: 0.270 GC heap before
{Heap before GC invocations=1 (full 0):
 garbage-first heap   total 524288K, used 28553K [0x0000000601000000, 0x0000000800000000)
  region size 4096K, 6 young (24576K), 1 survivors (4096K)
 Metaspace       used 2657K, committed 2816K, reserved 1114112K
  class space    used 252K, committed 320K, reserved 1048576K
}
Event: 0.272 GC heap after
{Heap after GC invocations=2 (full 0):
 garbage-first heap   total 524288K, used 15034K [0x0000000601000000, 0x0000000800000000)
  region size 4096K, 1 young (4096K), 1 survivors (4096K)
 Metaspace       used 2657K, committed 2816K, reserved 1114112K
  class space    used 252K, committed 320K, reserved 1048576K
}
Event: 0.304 GC heap before
{Heap before GC invocations=2 (full 0):
 garbage-first heap   total 524288K, used 35514K [0x0000000601000000, 0x0000000800000000)
  region size 4096K, 7 young (28672K), 1 survivors (4096K)
 Metaspace       used 2669K, committed 2816K, reserved 1114112K
  class space    used 253K, committed 320K, reserved 1048576K
}
Event: 0.307 GC heap after
{Heap after GC invocations=3 (full 0):
 garbage-first heap   total 524288K, used 25054K [0x0000000601000000, 0x0000000800000000)
  region size 4096K, 1 young (4096K), 1 survivors (4096K)
 Metaspace       used 2669K, committed 2816K, reserved 1114112K
  class space    used 253K, committed 320K, reserved 1048576K
}
Event: 0.555 GC heap before
{Heap before GC invocations=3 (full 0):
 garbage-first heap   total 524288K, used 78302K [0x0000000601000000, 0x0000000800000000)
  region size 4096K, 15 young (61440K), 1 survivors (4096K)
 Metaspace       used 6332K, committed 6464K, reserved 1114112K
  class space    used 775K, committed 832K, reserved 1048576K
}
Event: 0.559 GC heap after
{Heap after GC invocations=4 (full 0):
 garbage-first heap   total 524288K, used 33626K [0x0000000601000000, 0x0000000800000000)
  region size 4096K, 2 young (8192K), 2 survivors (8192K)
 Metaspace       used 6332K, committed 6464K, reserved 1114112K
  class space    used 775K, committed 832K, reserved 1048576K
}

