# JRE version: OpenJDK Runtime Environment Microsoft-14653939 (17.0.20+8) (build 17.0.20+8-LTS)
# Java VM: OpenJDK 64-Bit Server VM Microsoft-14653939 (17.0.20+8-LTS, mixed mode, sharing, tiered, compressed oops, compressed class ptrs, g1 gc, windows-amd64)
GC Precious Log:
 CPUs: 16 total, 16 available
 Memory: 32690M
 Large Page Support: Disabled
 NUMA Support: Disabled
 Compressed Oops: Enabled (Zero based)
 Heap Region Size: 4M
 Heap Min Capacity: 8M
 Heap Initial Capacity: 512M
 Heap Max Capacity: 8176M
 Pre-touch: Disabled
 Parallel Workers: 13
 Concurrent Workers: 3
 Concurrent Refinement Workers: 13
 Periodic GC: Disabled
Heap:
 garbage-first heap   total 565248K, used 145061K [0x0000000601000000, 0x0000000800000000)
  region size 4096K, 4 young (16384K), 4 survivors (16384K)
 Metaspace       used 24874K, committed 25152K, reserved 1114112K
  class space    used 3069K, committed 3200K, reserved 1048576K
GC Heap History (17 events):
Event: 0.203 GC heap before
{Heap before GC invocations=0 (full 0):
 garbage-first heap   total 524288K, used 20480K [0x0000000601000000, 0x0000000800000000)
  region size 4096K, 6 young (24576K), 0 survivors (0K)
 Metaspace       used 230K, committed 320K, reserved 1114112K
  class space    used 7K, committed 64K, reserved 1048576K
}
Event: 0.227 GC heap after
{Heap after GC invocations=1 (full 0):
 garbage-first heap   total 524288K, used 12221K [0x0000000601000000, 0x0000000800000000)
  region size 4096K, 1 young (4096K), 1 survivors (4096K)
 Metaspace       used 230K, committed 320K, reserved 1114112K
  class space    used 7K, committed 64K, reserved 1048576K
}
Event: 0.528 GC heap before
{Heap before GC invocations=1 (full 0):
 garbage-first heap   total 524288K, used 28605K [0x0000000601000000, 0x0000000800000000)
  region size 4096K, 6 young (24576K), 1 survivors (4096K)
 Metaspace       used 2656K, committed 2816K, reserved 1114112K
  class space    used 252K, committed 320K, reserved 1048576K
}
Event: 0.530 GC heap after
{Heap after GC invocations=2 (full 0):
 garbage-first heap   total 524288K, used 14885K [0x0000000601000000, 0x0000000800000000)
  region size 4096K, 1 young (4096K), 1 survivors (4096K)
 Metaspace       used 2656K, committed 2816K, reserved 1114112K
  class space    used 252K, committed 320K, reserved 1048576K
}
Event: 0.611 GC heap before
{Heap before GC invocations=2 (full 0):
 garbage-first heap   total 524288K, used 39461K [0x0000000601000000, 0x0000000800000000)
  region size 4096K, 8 young (32768K), 1 survivors (4096K)
 Metaspace       used 2766K, committed 2880K, reserved 1114112K
  class space    used 265K, committed 320K, reserved 1048576K
}
Event: 0.617 GC heap after
{Heap after GC invocations=3 (full 0):
 garbage-first heap   total 524288K, used 29103K [0x0000000601000000, 0x0000000800000000)
  region size 4096K, 1 young (4096K), 1 survivors (4096K)
 Metaspace       used 2766K, committed 2880K, reserved 1114112K
  class space    used 265K, committed 320K, reserved 1048576K
}
Event: 1.537 GC heap before
{Heap before GC invocations=3 (full 0):
 garbage-first heap   total 524288K, used 102831K [0x0000000601000000, 0x0000000800000000)
  region size 4096K, 20 young (81920K), 1 survivors (4096K)
 Metaspace       used 12363K, committed 12608K, reserved 1114112K
  class space    used 1572K, committed 1664K, reserved 1048576K
}
Event: 1.541 GC heap after
{Heap after GC invocations=4 (full 0):
 garbage-first heap   total 524288K, used 31600K [0x0000000601000000, 0x0000000800000000)
  region size 4096K, 2 young (8192K), 2 survivors (8192K)
 Metaspace       used 12363K, committed 12608K, reserved 1114112K
  class space    used 1572K, committed 1664K, reserved 1048576K
}
Event: 3.128 GC heap before
{Heap before GC invocations=4 (full 0):
 garbage-first heap   total 524288K, used 162672K [0x0000000601000000, 0x0000000800000000)
  region size 4096K, 35 young (143360K), 2 survivors (8192K)
 Metaspace       used 19496K, committed 19776K, reserved 1114112K
  class space    used 2483K, committed 2624K, reserved 1048576K
}
Event: 3.138 GC heap after
{Heap after GC invocations=5 (full 0):
 garbage-first heap   total 524288K, used 50512K [0x0000000601000000, 0x0000000800000000)
  region size 4096K, 5 young (20480K), 5 survivors (20480K)
 Metaspace       used 19496K, committed 19776K, reserved 1114112K
  class space    used 2483K, committed 2624K, reserved 1048576K
}
Event: 6.179 GC heap before
{Heap before GC invocations=5 (full 0):
 garbage-first heap   total 524288K, used 193872K [0x0000000601000000, 0x0000000800000000)
  region size 4096K, 42 young (172032K), 5 survivors (20480K)
 Metaspace       used 21156K, committed 21504K, reserved 1114112K
  class space    used 2659K, committed 2816K, reserved 1048576K
}
Event: 6.190 GC heap after
{Heap after GC invocations=6 (full 0):
 garbage-first heap   total 524288K, used 66823K [0x0000000601000000, 0x0000000800000000)
  region size 4096K, 8 young (32768K), 8 survivors (32768K)
 Metaspace       used 21156K, committed 21504K, reserved 1114112K
  class space    used 2659K, committed 2816K, reserved 1048576K
}
Event: 7.433 GC heap before
{Heap before GC invocations=7 (full 0):
 garbage-first heap   total 245760K, used 242951K [0x0000000601000000, 0x0000000800000000)
  region size 4096K, 51 young (208896K), 8 survivors (32768K)
 Metaspace       used 24639K, committed 24896K, reserved 1114112K
  class space    used 3066K, committed 3200K, reserved 1048576K
}
Event: 7.476 GC heap after
{Heap after GC invocations=8 (full 0):
 garbage-first heap   total 327680K, used 115202K [0x0000000601000000, 0x0000000800000000)
  region size 4096K, 10 young (40960K), 10 survivors (40960K)
 Metaspace       used 24639K, committed 24896K, reserved 1114112K
  class space    used 3066K, committed 3200K, reserved 1048576K
}
Event: 7.489 GC heap before
{Heap before GC invocations=8 (full 0):
 garbage-first heap   total 327680K, used 119298K [0x0000000601000000, 0x0000000800000000)
  region size 4096K, 11 young (45056K), 10 survivors (40960K)
 Metaspace       used 24640K, committed 24896K, reserved 1114112K
  class space    used 3066K, committed 3200K, reserved 1048576K
}
Event: 7.501 GC heap after
{Heap after GC invocations=9 (full 0):
 garbage-first heap   total 327680K, used 119041K [0x0000000601000000, 0x0000000800000000)
  region size 4096K, 2 young (8192K), 2 survivors (8192K)
 Metaspace       used 24640K, committed 24896K, reserved 1114112K
  class space    used 3066K, committed 3200K, reserved 1048576K
}
Event: 7.920 GC heap before
{Heap before GC invocations=9 (full 0):
 garbage-first heap   total 327680K, used 225537K [0x0000000601000000, 0x0000000800000000)
  region size 4096K, 28 young (114688K), 2 survivors (8192K)
 Metaspace       used 24874K, committed 25152K, reserved 1114112K
  class space    used 3069K, committed 3200K, reserved 1048576K
}

