# JRE version: OpenJDK Runtime Environment Microsoft-14653939 (17.0.20+8) (build 17.0.20+8-LTS)
# Java VM: OpenJDK 64-Bit Server VM Microsoft-14653939 (17.0.20+8-LTS, mixed mode, sharing, tiered, compressed oops, compressed class ptrs, g1 gc, windows-amd64)
GC Precious Log:
 CPUs: 16 total, 16 available
 Memory: 32690M
 Large Page Support: Disabled
 NUMA Support: Disabled
 Compressed Oops: Enabled (Zero based)
 Heap Region Size: 4M
 Heap Min Capacity: 8M
 Heap Initial Capacity: 512M
 Heap Max Capacity: 8176M
 Pre-touch: Disabled
 Parallel Workers: 13
 Concurrent Workers: 3
 Concurrent Refinement Workers: 13
 Periodic GC: Disabled
Heap:
 garbage-first heap   total 724992K, used 244119K [0x0000000601000000, 0x0000000800000000)
  region size 4096K, 29 young (118784K), 4 survivors (16384K)
 Metaspace       used 25455K, committed 25856K, reserved 1114112K
  class space    used 3152K, committed 3328K, reserved 1048576K
GC Heap History (18 events):
Event: 0.176 GC heap before
{Heap before GC invocations=0 (full 0):
 garbage-first heap   total 524288K, used 20480K [0x0000000601000000, 0x0000000800000000)
  region size 4096K, 6 young (24576K), 0 survivors (0K)
 Metaspace       used 230K, committed 320K, reserved 1114112K
  class space    used 7K, committed 64K, reserved 1048576K
}
Event: 0.214 GC heap after
{Heap after GC invocations=1 (full 0):
 garbage-first heap   total 524288K, used 12687K [0x0000000601000000, 0x0000000800000000)
  region size 4096K, 1 young (4096K), 1 survivors (4096K)
 Metaspace       used 230K, committed 320K, reserved 1114112K
  class space    used 7K, committed 64K, reserved 1048576K
}
Event: 0.443 GC heap before
{Heap before GC invocations=1 (full 0):
 garbage-first heap   total 524288K, used 29071K [0x0000000601000000, 0x0000000800000000)
  region size 4096K, 6 young (24576K), 1 survivors (4096K)
 Metaspace       used 2655K, committed 2816K, reserved 1114112K
  class space    used 252K, committed 320K, reserved 1048576K
}
Event: 0.446 GC heap after
{Heap after GC invocations=2 (full 0):
 garbage-first heap   total 524288K, used 16546K [0x0000000601000000, 0x0000000800000000)
  region size 4096K, 1 young (4096K), 1 survivors (4096K)
 Metaspace       used 2655K, committed 2816K, reserved 1114112K
  class space    used 252K, committed 320K, reserved 1048576K
}
Event: 0.516 GC heap before
{Heap before GC invocations=2 (full 0):
 garbage-first heap   total 524288K, used 41122K [0x0000000601000000, 0x0000000800000000)
  region size 4096K, 8 young (32768K), 1 survivors (4096K)
 Metaspace       used 2765K, committed 2880K, reserved 1114112K
  class space    used 265K, committed 320K, reserved 1048576K
}
Event: 0.522 GC heap after
{Heap after GC invocations=3 (full 0):
 garbage-first heap   total 524288K, used 31067K [0x0000000601000000, 0x0000000800000000)
  region size 4096K, 1 young (4096K), 1 survivors (4096K)
 Metaspace       used 2765K, committed 2880K, reserved 1114112K
  class space    used 265K, committed 320K, reserved 1048576K
}
Event: 1.497 GC heap before
{Heap before GC invocations=3 (full 0):
 garbage-first heap   total 524288K, used 100699K [0x0000000601000000, 0x0000000800000000)
  region size 4096K, 19 young (77824K), 1 survivors (4096K)
 Metaspace       used 11274K, committed 11456K, reserved 1114112K
  class space    used 1444K, committed 1536K, reserved 1048576K
}
Event: 1.500 GC heap after
{Heap after GC invocations=4 (full 0):
 garbage-first heap   total 524288K, used 34553K [0x0000000601000000, 0x0000000800000000)
  region size 4096K, 2 young (8192K), 2 survivors (8192K)
 Metaspace       used 11274K, committed 11456K, reserved 1114112K
  class space    used 1444K, committed 1536K, reserved 1048576K
}
Event: 3.197 GC heap before
{Heap before GC invocations=4 (full 0):
 garbage-first heap   total 524288K, used 161529K [0x0000000601000000, 0x0000000800000000)
  region size 4096K, 34 young (139264K), 2 survivors (8192K)
 Metaspace       used 19093K, committed 19328K, reserved 1114112K
  class space    used 2473K, committed 2624K, reserved 1048576K
}
Event: 3.208 GC heap after
{Heap after GC invocations=5 (full 0):
 garbage-first heap   total 524288K, used 52855K [0x0000000601000000, 0x0000000800000000)
  region size 4096K, 5 young (20480K), 5 survivors (20480K)
 Metaspace       used 19093K, committed 19328K, reserved 1114112K
  class space    used 2473K, committed 2624K, reserved 1048576K
}
Event: 6.100 GC heap before
{Heap before GC invocations=5 (full 0):
 garbage-first heap   total 524288K, used 171639K [0x0000000601000000, 0x0000000800000000)
  region size 4096K, 35 young (143360K), 5 survivors (20480K)
 Metaspace       used 21279K, committed 21504K, reserved 1114112K
  class space    used 2693K, committed 2816K, reserved 1048576K
}
Event: 6.108 GC heap after
{Heap after GC invocations=6 (full 0):
 garbage-first heap   total 524288K, used 65578K [0x0000000601000000, 0x0000000800000000)
  region size 4096K, 6 young (24576K), 6 survivors (24576K)
 Metaspace       used 21279K, committed 21504K, reserved 1114112K
  class space    used 2693K, committed 2816K, reserved 1048576K
}
Event: 6.954 GC heap before
{Heap before GC invocations=7 (full 0):
 garbage-first heap   total 245760K, used 241706K [0x0000000601000000, 0x0000000800000000)
  region size 4096K, 49 young (200704K), 6 survivors (24576K)
 Metaspace       used 24290K, committed 24576K, reserved 1114112K
  class space    used 3056K, committed 3200K, reserved 1048576K
}
Event: 6.981 GC heap after
{Heap after GC invocations=8 (full 0):
 garbage-first heap   total 323584K, used 115060K [0x0000000601000000, 0x0000000800000000)
  region size 4096K, 8 young (32768K), 8 survivors (32768K)
 Metaspace       used 24290K, committed 24576K, reserved 1114112K
  class space    used 3056K, committed 3200K, reserved 1048576K
}
Event: 7.002 GC heap before
{Heap before GC invocations=8 (full 0):
 garbage-first heap   total 323584K, used 119156K [0x0000000601000000, 0x0000000800000000)
  region size 4096K, 9 young (36864K), 8 survivors (32768K)
 Metaspace       used 24291K, committed 24640K, reserved 1114112K
  class space    used 3056K, committed 3200K, reserved 1048576K
}
Event: 7.013 GC heap after
{Heap after GC invocations=9 (full 0):
 garbage-first heap   total 323584K, used 120798K [0x0000000601000000, 0x0000000800000000)
  region size 4096K, 2 young (8192K), 2 survivors (8192K)
 Metaspace       used 24291K, committed 24640K, reserved 1114112K
  class space    used 3056K, committed 3200K, reserved 1048576K
}
Event: 7.390 GC heap before
{Heap before GC invocations=9 (full 0):
 garbage-first heap   total 323584K, used 219102K [0x0000000601000000, 0x0000000800000000)
  region size 4096K, 26 young (106496K), 2 survivors (8192K)
 Metaspace       used 24526K, committed 24832K, reserved 1114112K
  class space    used 3059K, committed 3200K, reserved 1048576K
}
Event: 7.406 GC heap after
{Heap after GC invocations=10 (full 0):
 garbage-first heap   total 724992K, used 145815K [0x0000000601000000, 0x0000000800000000)
  region size 4096K, 4 young (16384K), 4 survivors (16384K)
 Metaspace       used 24526K, committed 24832K, reserved 1114112K
  class space    used 3059K, committed 3200K, reserved 1048576K
}

