# JRE version: OpenJDK Runtime Environment Microsoft-14653939 (17.0.20+8) (build 17.0.20+8-LTS)
# Java VM: OpenJDK 64-Bit Server VM Microsoft-14653939 (17.0.20+8-LTS, mixed mode, sharing, tiered, compressed oops, compressed class ptrs, g1 gc, windows-amd64)
GC Precious Log:
 CPUs: 16 total, 16 available
 Memory: 32690M
 Large Page Support: Disabled
 NUMA Support: Disabled
 Compressed Oops: Enabled (Zero based)
 Heap Region Size: 4M
 Heap Min Capacity: 8M
 Heap Initial Capacity: 512M
 Heap Max Capacity: 8176M
 Pre-touch: Disabled
 Parallel Workers: 13
 Concurrent Workers: 3
 Concurrent Refinement Workers: 13
 Periodic GC: Disabled
Heap:
 garbage-first heap   total 421888K, used 158859K [0x0000000601000000, 0x0000000800000000)
  region size 4096K, 10 young (40960K), 6 survivors (24576K)
 Metaspace       used 26811K, committed 27136K, reserved 1114112K
  class space    used 3285K, committed 3456K, reserved 1048576K
GC Heap History (20 events):
Event: 0.584 GC heap before
{Heap before GC invocations=3 (full 0):
 garbage-first heap   total 524288K, used 72332K [0x0000000601000000, 0x0000000800000000)
  region size 4096K, 13 young (53248K), 1 survivors (4096K)
 Metaspace       used 3399K, committed 3584K, reserved 1114112K
  class space    used 330K, committed 448K, reserved 1048576K
}
Event: 0.588 GC heap after
{Heap after GC invocations=4 (full 0):
 garbage-first heap   total 524288K, used 40442K [0x0000000601000000, 0x0000000800000000)
  region size 4096K, 2 young (8192K), 2 survivors (8192K)
 Metaspace       used 3399K, committed 3584K, reserved 1114112K
  class space    used 330K, committed 448K, reserved 1048576K
}
Event: 3.922 GC heap before
{Heap before GC invocations=4 (full 0):
 garbage-first heap   total 524288K, used 339450K [0x0000000601000000, 0x0000000800000000)
  region size 4096K, 76 young (311296K), 2 survivors (8192K)
 Metaspace       used 19410K, committed 19712K, reserved 1114112K
  class space    used 2526K, committed 2688K, reserved 1048576K
}
Event: 3.932 GC heap after
{Heap after GC invocations=5 (full 0):
 garbage-first heap   total 679936K, used 56162K [0x0000000601000000, 0x0000000800000000)
  region size 4096K, 6 young (24576K), 6 survivors (24576K)
 Metaspace       used 19410K, committed 19712K, reserved 1114112K
  class space    used 2526K, committed 2688K, reserved 1048576K
}
Event: 4.620 GC heap before
{Heap before GC invocations=5 (full 0):
 garbage-first heap   total 679936K, used 162658K [0x0000000601000000, 0x0000000800000000)
  region size 4096K, 34 young (139264K), 6 survivors (24576K)
 Metaspace       used 21322K, committed 21504K, reserved 1114112K
  class space    used 2705K, committed 2816K, reserved 1048576K
}
Event: 4.629 GC heap after
{Heap after GC invocations=6 (full 0):
 garbage-first heap   total 679936K, used 63957K [0x0000000601000000, 0x0000000800000000)
  region size 4096K, 3 young (12288K), 3 survivors (12288K)
 Metaspace       used 21322K, committed 21504K, reserved 1114112K
  class space    used 2705K, committed 2816K, reserved 1048576K
}
Event: 6.727 GC heap before
{Heap before GC invocations=7 (full 0):
 garbage-first heap   total 245760K, used 240085K [0x0000000601000000, 0x0000000800000000)
  region size 4096K, 46 young (188416K), 3 survivors (12288K)
 Metaspace       used 25888K, committed 26176K, reserved 1114112K
  class space    used 3255K, committed 3392K, reserved 1048576K
}
Event: 6.736 GC heap after
{Heap after GC invocations=8 (full 0):
 garbage-first heap   total 270336K, used 78792K [0x0000000601000000, 0x0000000800000000)
  region size 4096K, 6 young (24576K), 6 survivors (24576K)
 Metaspace       used 25888K, committed 26176K, reserved 1114112K
  class space    used 3255K, committed 3392K, reserved 1048576K
}
Event: 6.771 GC heap before
{Heap before GC invocations=8 (full 0):
 garbage-first heap   total 270336K, used 82888K [0x0000000601000000, 0x0000000800000000)
  region size 4096K, 7 young (28672K), 6 survivors (24576K)
 Metaspace       used 25895K, committed 26176K, reserved 1114112K
  class space    used 3255K, committed 3392K, reserved 1048576K
}
Event: 6.777 GC heap after
{Heap after GC invocations=9 (full 0):
 garbage-first heap   total 270336K, used 74934K [0x0000000601000000, 0x0000000800000000)
  region size 4096K, 1 young (4096K), 1 survivors (4096K)
 Metaspace       used 25895K, committed 26176K, reserved 1114112K
  class space    used 3255K, committed 3392K, reserved 1048576K
}
Event: 7.734 GC heap before
{Heap before GC invocations=9 (full 0):
 garbage-first heap   total 270336K, used 193718K [0x0000000601000000, 0x0000000800000000)
  region size 4096K, 30 young (122880K), 1 survivors (4096K)
 Metaspace       used 26451K, committed 26752K, reserved 1114112K
  class space    used 3274K, committed 3456K, reserved 1048576K
}
Event: 7.749 GC heap after
{Heap after GC invocations=10 (full 0):
 garbage-first heap   total 270336K, used 96352K [0x0000000601000000, 0x0000000800000000)
  region size 4096K, 4 young (16384K), 4 survivors (16384K)
 Metaspace       used 26451K, committed 26752K, reserved 1114112K
  class space    used 3274K, committed 3456K, reserved 1048576K
}
Event: 8.484 GC heap before
{Heap before GC invocations=10 (full 0):
 garbage-first heap   total 270336K, used 190560K [0x0000000601000000, 0x0000000800000000)
  region size 4096K, 27 young (110592K), 4 survivors (16384K)
 Metaspace       used 26550K, committed 26944K, reserved 1114112K
  class space    used 3281K, committed 3456K, reserved 1048576K
}
Event: 8.496 GC heap after
{Heap after GC invocations=11 (full 0):
 garbage-first heap   total 270336K, used 110405K [0x0000000601000000, 0x0000000800000000)
  region size 4096K, 4 young (16384K), 4 survivors (16384K)
 Metaspace       used 26550K, committed 26944K, reserved 1114112K
  class space    used 3281K, committed 3456K, reserved 1048576K
}
Event: 9.014 GC heap before
{Heap before GC invocations=11 (full 0):
 garbage-first heap   total 270336K, used 196421K [0x0000000601000000, 0x0000000800000000)
  region size 4096K, 25 young (102400K), 4 survivors (16384K)
 Metaspace       used 26566K, committed 26944K, reserved 1114112K
  class space    used 3281K, committed 3456K, reserved 1048576K
}
Event: 9.022 GC heap after
{Heap after GC invocations=12 (full 0):
 garbage-first heap   total 270336K, used 122616K [0x0000000601000000, 0x0000000800000000)
  region size 4096K, 4 young (16384K), 4 survivors (16384K)
 Metaspace       used 26566K, committed 26944K, reserved 1114112K
  class space    used 3281K, committed 3456K, reserved 1048576K
}
Event: 9.339 GC heap before
{Heap before GC invocations=12 (full 0):
 garbage-first heap   total 270336K, used 196344K [0x0000000601000000, 0x0000000800000000)
  region size 4096K, 22 young (90112K), 4 survivors (16384K)
 Metaspace       used 26580K, committed 26944K, reserved 1114112K
  class space    used 3282K, committed 3456K, reserved 1048576K
}
Event: 9.346 GC heap after
{Heap after GC invocations=13 (full 0):
 garbage-first heap   total 421888K, used 129553K [0x0000000601000000, 0x0000000800000000)
  region size 4096K, 3 young (12288K), 3 survivors (12288K)
 Metaspace       used 26580K, committed 26944K, reserved 1114112K
  class space    used 3282K, committed 3456K, reserved 1048576K
}
Event: 10.420 GC heap before
{Heap before GC invocations=13 (full 0):
 garbage-first heap   total 421888K, used 313873K [0x0000000601000000, 0x0000000800000000)
  region size 4096K, 48 young (196608K), 3 survivors (12288K)
 Metaspace       used 26798K, committed 27136K, reserved 1114112K
  class space    used 3284K, committed 3456K, reserved 1048576K
}
Event: 10.429 GC heap after
{Heap after GC invocations=14 (full 0):
 garbage-first heap   total 421888K, used 146571K [0x0000000601000000, 0x0000000800000000)
  region size 4096K, 6 young (24576K), 6 survivors (24576K)
 Metaspace       used 26798K, committed 27136K, reserved 1114112K
  class space    used 3284K, committed 3456K, reserved 1048576K
}

